#
# There is insufficient memory for the Java Runtime Environment to continue.
# Native memory allocation (malloc) failed to allocate 1048576 bytes for AllocateHeap
# Possible reasons:
#   The system is out of physical RAM or swap space
#   The process is running with CompressedOops enabled, and the Java Heap may be blocking the growth of the native heap
# Possible solutions:
#   Reduce memory load on the system
#   Increase physical memory or swap space
#   Check if swap backing store is full
#   Decrease Java heap size (-Xmx/-Xms)
#   Decrease number of Java threads
#   Decrease Java thread stack sizes (-Xss)
#   Set larger code cache with -XX:ReservedCodeCacheSize=
#   JVM is running with Unscaled Compressed Oops mode in which the Java heap is
#     placed in the first 4GB address space. The Java Heap base address is the
#     maximum limit for the native heap growth. Please use -XX:HeapBaseMinAddress
#     to set the Java Heap base and to place the Java Heap above 4GB virtual address.
# This output file may be truncated or incomplete.
#
#  Out of Memory Error (./open/src/hotspot/share/memory/allocation.cpp:44), pid=14036, tid=10396
#
# JRE version:  (15.0.2+7) (build )
# Java VM: Java HotSpot(TM) 64-Bit Server VM (15.0.2+7-27, mixed mode, sharing, tiered, compressed oops, parallel gc, windows-amd64)
# No core dump will be written. Minidumps are not enabled by default on client versions of Windows
#

---------------  S U M M A R Y ------------

Command Line: --add-modules=ALL-SYSTEM --add-opens=java.base/java.util=ALL-UNNAMED --add-opens=java.base/java.lang=ALL-UNNAMED -Declipse.application=org.eclipse.jdt.ls.core.id1 -Dosgi.bundles.defaultStartLevel=4 -Declipse.product=org.eclipse.jdt.ls.core.product -Dfile.encoding=utf8 -DwatchParentProcess=false -XX:+UseParallelGC -XX:GCTimeRatio=4 -XX:AdaptiveSizePolicyWeight=90 -Dsun.zip.disableMemoryMapping=true -Xmx1G -Xms100m -Xmx512M c:\Users\richyad\.vscode\extensions\redhat.java-0.75.0\server\plugins\org.eclipse.equinox.launcher_1.6.0.v20200915-1508.jar -configuration c:\Users\richyad\AppData\Roaming\Code\User\globalStorage\redhat.java\0.75.0\config_ss_win -data c:\Users\richyad\AppData\Roaming\Code\User\workspaceStorage\b4126f17d97b698aa98a8cab700726ba\redhat.java\ss_ws

Host: Intel(R) Core(TM) i5-8265U CPU @ 1.60GHz, 8 cores, 7G,  Windows 10 , 64 bit Build 18362 (10.0.18362.1110)
Time: Wed Mar 10 13:35:20 2021 Eastern Standard Time elapsed time: 0.354694 seconds (0d 0h 0m 0s)

---------------  T H R E A D  ---------------

Current thread (0x000001f0fbe4ed30):  JavaThread "Unknown thread" [_thread_in_vm, id=10396, stack(0x000000095cc00000,0x000000095cd00000)]

Stack: [0x000000095cc00000,0x000000095cd00000]
Native frames: (J=compiled Java code, j=interpreted, Vv=VM code, C=native code)
V  [jvm.dll+0x62ae9a]
V  [jvm.dll+0x7817a9]
V  [jvm.dll+0x782f03]
V  [jvm.dll+0x783563]
V  [jvm.dll+0x216325]
V  [jvm.dll+0x8ebb2]
V  [jvm.dll+0x65e0bb]
V  [jvm.dll+0x65efd9]
V  [jvm.dll+0x637123]
V  [jvm.dll+0x75ec23]
V  [jvm.dll+0x334251]
V  [jvm.dll+0x73e926]
V  [jvm.dll+0x3b7557]
V  [jvm.dll+0x3b8fe1]
C  [jli.dll+0x52fb]
C  [ucrtbase.dll+0x210b2]
C  [KERNEL32.DLL+0x17c24]
C  [ntdll.dll+0x6d4d1]


---------------  P R O C E S S  ---------------

Threads class SMR info:
_java_thread_list=0x00007ffd534e4ff0, length=0, elements={
}

Java Threads: ( => current thread )

Other Threads:
  0x000001f0fbe67fc0 GCTaskThread "GC Thread#0" [stack: 0x000000095cd00000,0x000000095ce00000] [id=6136]

=>0x000001f0fbe4ed30 (exited) JavaThread "Unknown thread" [_thread_in_vm, id=10396, stack(0x000000095cc00000,0x000000095cd00000)]

Threads with active compile tasks:

VM state: not at safepoint (normal execution)

VM Mutex/Monitor currently owned by a thread: None

Heap address: 0x00000000e0000000, size: 512 MB, Compressed Oops mode: 32-bit
CDS archive(s) mapped at: [0x0000000800000000-0x0000000800b50000-0x0000000800b50000), size 11862016, SharedBaseAddress: 0x0000000800000000, ArchiveRelocationMode: 0.
Compressed class space mapped at: 0x0000000800b50000-0x0000000840b50000, size: 1073741824
Narrow klass base: 0x0000000800000000, Narrow klass shift: 3, Narrow klass range: 0x100000000

GC Precious Log:
 CPUs: 8 total, 8 available
 Memory: 8079M
 Large Page Support: Disabled
 NUMA Support: Disabled
 Compressed Oops: Enabled (32-bit)
 Heap Min Capacity: 100M
 Heap Initial Capacity: 100M
 Heap Max Capacity: 512M
 Pre-touch: Disabled
 Parallel Workers: 8

Heap:
 PSYoungGen      total 29696K, used 512K [0x00000000f5580000, 0x00000000f7680000, 0x0000000100000000)
  eden space 25600K, 2% used [0x00000000f5580000,0x00000000f5600010,0x00000000f6e80000)
  from space 4096K, 0% used [0x00000000f7280000,0x00000000f7280000,0x00000000f7680000)
  to   space 4096K, 0% used [0x00000000f6e80000,0x00000000f6e80000,0x00000000f7280000)
 ParOldGen       total 68608K, used 0K [0x00000000e0000000, 0x00000000e4300000, 0x00000000f5580000)
  object space 68608K, 0% used [0x00000000e0000000,0x00000000e0000000,0x00000000e4300000)
 Metaspace       used 0K, capacity 0K, committed 0K, reserved 1056768K
  class space    used 0K, capacity 0K, committed 0K, reserved 1048576K

Card table byte_map: [0x000001f0fd920000,0x000001f0fda30000] _byte_map_base: 0x000001f0fd220000

Marking Bits: (ParMarkBitMap*) 0x00007ffd534bc0f0
 Begin Bits: [0x000001f0fdae0000, 0x000001f0fe2e0000)
 End Bits:   [0x000001f0fe2e0000, 0x000001f0feae0000)

Polling page: 0x000001f0fbf10000

Metaspace:

Usage:
  Non-class:      0 bytes capacity,     0 bytes (  ?%) used,     0 bytes (  ?%) free+waste,     0 bytes (  ?%) overhead. 
      Class:      0 bytes capacity,     0 bytes (  ?%) used,     0 bytes (  ?%) free+waste,     0 bytes (  ?%) overhead. 
       Both:      0 bytes capacity,     0 bytes (  ?%) used,     0 bytes (  ?%) free+waste,     0 bytes (  ?%) overhead. 

Virtual space:
  Non-class space:        8.00 MB reserved,       0 bytes (  0%) committed 
      Class space:        1.00 GB reserved,       0 bytes (  0%) committed 
             Both:        1.01 GB reserved,       0 bytes (  0%) committed 

Chunk freelists:
   Non-Class:  0 bytes
       Class:  0 bytes
        Both:  0 bytes

MaxMetaspaceSize: 17179869184.00 GB
CompressedClassSpaceSize: 1.00 GB

CodeHeap 'non-profiled nmethods': size=120000Kb used=0Kb max_used=0Kb free=120000Kb
 bounds [0x000001f08fc30000, 0x000001f08fea0000, 0x000001f097160000]
CodeHeap 'profiled nmethods': size=120000Kb used=0Kb max_used=0Kb free=120000Kb
 bounds [0x000001f088700000, 0x000001f088970000, 0x000001f08fc30000]
CodeHeap 'non-nmethods': size=5760Kb used=269Kb max_used=415Kb free=5490Kb
 bounds [0x000001f088160000, 0x000001f0883d0000, 0x000001f088700000]
 total_blobs=135 nmethods=0 adapters=116
 compilation: enabled
              stopped_count=0, restarted_count=0
 full_count=0

Compilation events (0 events):
No events

GC Heap History (0 events):
No events

Deoptimization events (0 events):
No events

Classes unloaded (0 events):
No events

Classes redefined (0 events):
No events

Internal exceptions (0 events):
No events

Events (1 events):
Event: 0.242 Loaded shared library C:\Program Files\Java\jdk-15.0.2\bin\java.dll


Dynamic libraries:
0x00007ff6c4fa0000 - 0x00007ff6c4faf000 	C:\Program Files\Java\jdk-15.0.2\bin\java.exe
0x00007ffdefee0000 - 0x00007ffdf00d0000 	C:\WINDOWS\SYSTEM32\ntdll.dll
0x00007ffdb5330000 - 0x00007ffdb5342000 	C:\Program Files\AVAST Software\Avast\aswhook.dll
0x00007ffdef360000 - 0x00007ffdef412000 	C:\WINDOWS\System32\KERNEL32.DLL
0x00007ffdecff0000 - 0x00007ffded295000 	C:\WINDOWS\System32\KERNELBASE.dll
0x00007ffded2f0000 - 0x00007ffded3ea000 	C:\WINDOWS\System32\ucrtbase.dll
0x00007ffdbf8e0000 - 0x00007ffdbf8f9000 	C:\Program Files\Java\jdk-15.0.2\bin\VCRUNTIME140.dll
0x00007ffdbc7c0000 - 0x00007ffdbc7d8000 	C:\Program Files\Java\jdk-15.0.2\bin\jli.dll
0x00007ffdef480000 - 0x00007ffdef523000 	C:\WINDOWS\System32\ADVAPI32.dll
0x00007ffdef2c0000 - 0x00007ffdef35e000 	C:\WINDOWS\System32\msvcrt.dll
0x00007ffdef000000 - 0x00007ffdef097000 	C:\WINDOWS\System32\sechost.dll
0x00007ffdef870000 - 0x00007ffdef990000 	C:\WINDOWS\System32\RPCRT4.dll
0x00007ffdef6d0000 - 0x00007ffdef864000 	C:\WINDOWS\System32\USER32.dll
0x00007ffdedd50000 - 0x00007ffdedd71000 	C:\WINDOWS\System32\win32u.dll
0x00007ffdd6500000 - 0x00007ffdd6784000 	C:\WINDOWS\WinSxS\amd64_microsoft.windows.common-controls_6595b64144ccf1df_6.0.18362.1256_none_9e7e379be45e40e2\COMCTL32.dll
0x00007ffdefe70000 - 0x00007ffdefe96000 	C:\WINDOWS\System32\GDI32.dll
0x00007ffdef9b0000 - 0x00007ffdefce6000 	C:\WINDOWS\System32\combase.dll
0x00007ffdece50000 - 0x00007ffdecfe6000 	C:\WINDOWS\System32\gdi32full.dll
0x00007ffdedd80000 - 0x00007ffdede1e000 	C:\WINDOWS\System32\msvcp_win.dll
0x00007ffded4d0000 - 0x00007ffded551000 	C:\WINDOWS\System32\bcryptPrimitives.dll
0x00007ffde2020000 - 0x00007ffde202a000 	C:\WINDOWS\SYSTEM32\VERSION.dll
0x00007ffdef530000 - 0x00007ffdef55e000 	C:\WINDOWS\System32\IMM32.DLL
0x00007ffdcd590000 - 0x00007ffdcd59c000 	C:\Program Files\Java\jdk-15.0.2\bin\vcruntime140_1.dll
0x00007ffd9ec00000 - 0x00007ffd9ec91000 	C:\Program Files\Java\jdk-15.0.2\bin\msvcp140.dll
0x00007ffd52a20000 - 0x00007ffd5357e000 	C:\Program Files\Java\jdk-15.0.2\bin\server\jvm.dll
0x00007ffdef6c0000 - 0x00007ffdef6c8000 	C:\WINDOWS\System32\PSAPI.DLL
0x00007ffdc7650000 - 0x00007ffdc7659000 	C:\WINDOWS\SYSTEM32\WSOCK32.dll
0x00007ffde74b0000 - 0x00007ffde74d4000 	C:\WINDOWS\SYSTEM32\WINMM.dll
0x00007ffdee0a0000 - 0x00007ffdee10f000 	C:\WINDOWS\System32\WS2_32.dll
0x00007ffde7450000 - 0x00007ffde747d000 	C:\WINDOWS\SYSTEM32\WINMMBASE.dll
0x00007ffded2a0000 - 0x00007ffded2ea000 	C:\WINDOWS\System32\cfgmgr32.dll
0x00007ffdecd90000 - 0x00007ffdecda1000 	C:\WINDOWS\System32\kernel.appcore.dll
0x00007ffdcd4a0000 - 0x00007ffdcd4aa000 	C:\Program Files\Java\jdk-15.0.2\bin\jimage.dll
0x00007ffdeb670000 - 0x00007ffdeb864000 	C:\WINDOWS\SYSTEM32\DBGHELP.DLL
0x00007ffdd64d0000 - 0x00007ffdd64fa000 	C:\WINDOWS\SYSTEM32\dbgcore.DLL
0x00007ffdbc790000 - 0x00007ffdbc7b5000 	C:\Program Files\Java\jdk-15.0.2\bin\java.dll

dbghelp: loaded successfully - version: 4.0.5 - missing functions: none
symbol engine: initialized successfully - sym options: 0x614 - pdb path: .;C:\Program Files\Java\jdk-15.0.2\bin;C:\WINDOWS\SYSTEM32;C:\Program Files\AVAST Software\Avast;C:\WINDOWS\WinSxS\amd64_microsoft.windows.common-controls_6595b64144ccf1df_6.0.18362.1256_none_9e7e379be45e40e2;C:\Program Files\Java\jdk-15.0.2\bin\server

VM Arguments:
jvm_args: --add-modules=ALL-SYSTEM --add-opens=java.base/java.util=ALL-UNNAMED --add-opens=java.base/java.lang=ALL-UNNAMED -Declipse.application=org.eclipse.jdt.ls.core.id1 -Dosgi.bundles.defaultStartLevel=4 -Declipse.product=org.eclipse.jdt.ls.core.product -Dfile.encoding=utf8 -DwatchParentProcess=false -XX:+UseParallelGC -XX:GCTimeRatio=4 -XX:AdaptiveSizePolicyWeight=90 -Dsun.zip.disableMemoryMapping=true -Xmx1G -Xms100m -Xmx512M 
java_command: c:\Users\richyad\.vscode\extensions\redhat.java-0.75.0\server\plugins\org.eclipse.equinox.launcher_1.6.0.v20200915-1508.jar -configuration c:\Users\richyad\AppData\Roaming\Code\User\globalStorage\redhat.java\0.75.0\config_ss_win -data c:\Users\richyad\AppData\Roaming\Code\User\workspaceStorage\b4126f17d97b698aa98a8cab700726ba\redhat.java\ss_ws
java_class_path (initial): c:\Users\richyad\.vscode\extensions\redhat.java-0.75.0\server\plugins\org.eclipse.equinox.launcher_1.6.0.v20200915-1508.jar
Launcher Type: SUN_STANDARD

[Global flags]
    uintx AdaptiveSizePolicyWeight                 = 90                                        {product} {command line}
     intx CICompilerCount                          = 4                                         {product} {ergonomic}
    uintx GCTimeRatio                              = 4                                         {product} {command line}
   size_t InitialHeapSize                          = 104857600                                 {product} {command line}
   size_t MaxHeapSize                              = 536870912                                 {product} {command line}
   size_t MaxNewSize                               = 178782208                                 {product} {ergonomic}
   size_t MinHeapDeltaBytes                        = 524288                                    {product} {ergonomic}
   size_t MinHeapSize                              = 104857600                                 {product} {command line}
   size_t NewSize                                  = 34603008                                  {product} {ergonomic}
    uintx NonNMethodCodeHeapSize                   = 5839372                                {pd product} {ergonomic}
    uintx NonProfiledCodeHeapSize                  = 122909434                              {pd product} {ergonomic}
   size_t OldSize                                  = 70254592                                  {product} {ergonomic}
    uintx ProfiledCodeHeapSize                     = 122909434                              {pd product} {ergonomic}
    uintx ReservedCodeCacheSize                    = 251658240                              {pd product} {ergonomic}
     bool SegmentedCodeCache                       = true                                      {product} {ergonomic}
   size_t SoftMaxHeapSize                          = 536870912                              {manageable} {ergonomic}
     bool UseCompressedClassPointers               = true                                 {lp64_product} {ergonomic}
     bool UseCompressedOops                        = true                                 {lp64_product} {ergonomic}
     bool UseLargePagesIndividualAllocation        = false                                  {pd product} {ergonomic}
     bool UseParallelGC                            = true                                      {product} {command line}

Logging:
Log output configuration:
 #0: stdout all=warning uptime,level,tags
 #1: stderr all=off uptime,level,tags

Environment Variables:
JAVA_HOME=C:\Program Files (x86)\Java\jdk1.8.0_191
_JAVA_OPTIONS=-Xmx512M
PATH=C:\Program Files\Common Files\Oracle\Java\javapath;C:\WINDOWS\system32;C:\WINDOWS;C:\WINDOWS\System32\Wbem;C:\WINDOWS\System32\WindowsPowerShell\v1.0\;C:\WINDOWS\System32\OpenSSH\;C:\Program Files (x86)\Java\jdk1.8.0_191;C:\Users\echoes\Documents\Software\Sublime\Sublime Text 3\sublime_text.exe;C:\Program Files (x86)\gnupg\bin;C:\Users\richyad\Documents\Software\Node\;C:\Users\richyad\Documents\Software\KotlinCompiler\kotlinc\bin;C:\Users\richyad\AppData\Local\Microsoft\WindowsApps;C:\Users\richyad\Documents\Software\Git\Git\cmd;C:\Users\richyad\AppData\Roaming\npm;C:\Users\richyad\Documents\Software\Visual Studio Code\Microsoft VS Code\bin;C:\Users\richyad\Documents\Software\Flutter\flutter\bin;C:\Users\richyad\.konan\kotlin-native-windows-1.4.21\bin;C:\Program Files\Java\jdk-15.0.2\bin;
USERNAME=richyad
OS=Windows_NT
PROCESSOR_IDENTIFIER=Intel64 Family 6 Model 142 Stepping 11, GenuineIntel



---------------  S Y S T E M  ---------------

OS:
 Windows 10 , 64 bit Build 18362 (10.0.18362.1110)
OS uptime: 1 days 21:23 hours

CPU: total 8 (initial active 8) (4 cores per cpu, 2 threads per core) family 6 model 142 stepping 11 microcode 0x98, cmov, cx8, fxsr, mmx, sse, sse2, sse3, ssse3, sse4.1, sse4.2, popcnt, vzeroupper, avx, avx2, aes, clmul, erms, 3dnowpref, lzcnt, ht, tsc, tscinvbit, bmi1, bmi2, adx, fma, clflush, clflushopt

Memory: 4k page, system-wide physical 8079M (1002M free)
TotalPageFile size 15122M (AvailPageFile size 21M)
current process WorkingSet (physical memory assigned to process): 14M, peak: 14M
current process commit charge ("private bytes"): 160M, peak: 161M

vm_info: Java HotSpot(TM) 64-Bit Server VM (15.0.2+7-27) for windows-amd64 JRE (15.0.2+7-27), built on Dec  7 2020 20:07:01 by "mach5one" with unknown MS VC++:1925

END.
